2022/10/12 21:15:13 [DEBUG]main.go:19: DoConnecionBegin is Called ... 
2022/10/12 21:15:13 [DEBUG]main.go:22: Set conn Name, Home done!
2022/10/12 21:15:13 [DEBUG]ping.go:17: Call PingRouter Handle
2022/10/12 21:15:13 [DEBUG]ping.go:19: recv from client : msgId= 0 , data= Zinx client Demo Test MsgID=0, [Ping]
2022/10/12 21:15:14 [DEBUG]ping.go:17: Call PingRouter Handle
2022/10/12 21:15:14 [DEBUG]ping.go:19: recv from client : msgId= 0 , data= Zinx client Demo Test MsgID=0, [Ping]
2022/10/12 21:15:15 [DEBUG]ping.go:17: Call PingRouter Handle
2022/10/12 21:15:15 [DEBUG]ping.go:19: recv from client : msgId= 0 , data= Zinx client Demo Test MsgID=0, [Ping]
2022/10/12 21:15:16 [DEBUG]ping.go:17: Call PingRouter Handle
2022/10/12 21:15:16 [DEBUG]ping.go:19: recv from client : msgId= 0 , data= Zinx client Demo Test MsgID=0, [Ping]
2022/10/12 21:15:17 [DEBUG]ping.go:17: Call PingRouter Handle
2022/10/12 21:15:17 [DEBUG]ping.go:19: recv from client : msgId= 0 , data= Zinx client Demo Test MsgID=0, [Ping]
2022/10/12 21:15:18 [DEBUG]ping.go:17: Call PingRouter Handle
2022/10/12 21:15:18 [DEBUG]ping.go:19: recv from client : msgId= 0 , data= Zinx client Demo Test MsgID=0, [Ping]
2022/10/12 21:15:19 [DEBUG]ping.go:17: Call PingRouter Handle
2022/10/12 21:15:19 [DEBUG]ping.go:19: recv from client : msgId= 0 , data= Zinx client Demo Test MsgID=0, [Ping]
2022/10/12 21:15:20 [DEBUG]ping.go:17: Call PingRouter Handle
2022/10/12 21:15:20 [DEBUG]ping.go:19: recv from client : msgId= 0 , data= Zinx client Demo Test MsgID=0, [Ping]
2022/10/12 21:15:21 [DEBUG]ping.go:17: Call PingRouter Handle
2022/10/12 21:15:21 [DEBUG]ping.go:19: recv from client : msgId= 0 , data= Zinx client Demo Test MsgID=0, [Ping]
2022/10/12 21:15:22 [DEBUG]ping.go:17: Call PingRouter Handle
2022/10/12 21:15:22 [DEBUG]ping.go:19: recv from client : msgId= 0 , data= Zinx client Demo Test MsgID=0, [Ping]
2022/10/12 21:15:23 [DEBUG]ping.go:17: Call PingRouter Handle
2022/10/12 21:15:23 [DEBUG]ping.go:19: recv from client : msgId= 0 , data= Zinx client Demo Test MsgID=0, [Ping]
2022/10/12 21:15:24 [DEBUG]ping.go:17: Call PingRouter Handle
2022/10/12 21:15:24 [DEBUG]ping.go:19: recv from client : msgId= 0 , data= Zinx client Demo Test MsgID=0, [Ping]
2022/10/12 21:15:25 [DEBUG]ping.go:17: Call PingRouter Handle
2022/10/12 21:15:25 [DEBUG]ping.go:19: recv from client : msgId= 0 , data= Zinx client Demo Test MsgID=0, [Ping]
2022/10/12 21:15:26 [DEBUG]ping.go:17: Call PingRouter Handle
2022/10/12 21:15:26 [DEBUG]ping.go:19: recv from client : msgId= 0 , data= Zinx client Demo Test MsgID=0, [Ping]
2022/10/12 21:15:27 [DEBUG]ping.go:17: Call PingRouter Handle
2022/10/12 21:15:27 [DEBUG]ping.go:19: recv from client : msgId= 0 , data= Zinx client Demo Test MsgID=0, [Ping]
2022/10/12 21:15:28 [DEBUG]ping.go:17: Call PingRouter Handle
2022/10/12 21:15:28 [DEBUG]ping.go:19: recv from client : msgId= 0 , data= Zinx client Demo Test MsgID=0, [Ping]
2022/10/12 21:15:29 [DEBUG]ping.go:17: Call PingRouter Handle
2022/10/12 21:15:29 [DEBUG]ping.go:19: recv from client : msgId= 0 , data= Zinx client Demo Test MsgID=0, [Ping]
2022/10/12 21:15:30 [DEBUG]ping.go:17: Call PingRouter Handle
2022/10/12 21:15:30 [DEBUG]ping.go:19: recv from client : msgId= 0 , data= Zinx client Demo Test MsgID=0, [Ping]
2022/10/12 21:15:31 [DEBUG]ping.go:17: Call PingRouter Handle
2022/10/12 21:15:31 [DEBUG]ping.go:19: recv from client : msgId= 0 , data= Zinx client Demo Test MsgID=0, [Ping]
2022/10/12 21:15:32 [DEBUG]ping.go:17: Call PingRouter Handle
2022/10/12 21:15:32 [DEBUG]ping.go:19: recv from client : msgId= 0 , data= Zinx client Demo Test MsgID=0, [Ping]
2022/10/12 21:15:33 [DEBUG]ping.go:17: Call PingRouter Handle
2022/10/12 21:15:33 [DEBUG]ping.go:19: recv from client : msgId= 0 , data= Zinx client Demo Test MsgID=0, [Ping]
2022/10/12 21:15:33 [ERROR]main.go:36: Conn Property Name =  Aceld
2022/10/12 21:15:33 [ERROR]main.go:40: Conn Property Home =  https://www.kancloud.cn/@aceld
2022/10/12 21:15:33 [DEBUG]main.go:43: DoConneciotnLost is Called ... 
2022/10/12 21:15:39 [DEBUG]main.go:19: DoConnecionBegin is Called ... 
2022/10/12 21:15:39 [DEBUG]main.go:22: Set conn Name, Home done!
2022/10/12 21:15:39 [DEBUG]ping.go:17: Call PingRouter Handle
2022/10/12 21:15:39 [DEBUG]ping.go:19: recv from client : msgId= 0 , data= Zinx client Demo Test MsgID=0, [Ping]
2022/10/12 21:15:40 [DEBUG]ping.go:17: Call PingRouter Handle
2022/10/12 21:15:40 [DEBUG]ping.go:19: recv from client : msgId= 0 , data= Zinx client Demo Test MsgID=0, [Ping]
2022/10/12 21:15:41 [DEBUG]ping.go:17: Call PingRouter Handle
2022/10/12 21:15:41 [DEBUG]ping.go:19: recv from client : msgId= 0 , data= Zinx client Demo Test MsgID=0, [Ping]
2022/10/12 21:15:42 [DEBUG]ping.go:17: Call PingRouter Handle
2022/10/12 21:15:42 [DEBUG]ping.go:19: recv from client : msgId= 0 , data= Zinx client Demo Test MsgID=0, [Ping]
2022/10/12 21:15:43 [ERROR]main.go:36: Conn Property Name =  Aceld
2022/10/12 21:15:43 [ERROR]main.go:40: Conn Property Home =  https://www.kancloud.cn/@aceld
2022/10/12 21:15:43 [DEBUG]main.go:43: DoConneciotnLost is Called ... 
2022/10/12 22:48:02 [DEBUG]main.go:18: DoConnecionBegin is Called ... 
2022/10/12 22:48:02 [DEBUG]main.go:21: Set conn Name, Home done!
2022/10/12 22:48:02 [DEBUG]ping.go:17: Call PingRouter Handle
2022/10/12 22:48:02 [DEBUG]ping.go:19: recv from client : msgId= 0 , data= Zinx client Demo Test MsgID=0, [Ping]
2022/10/12 22:48:03 [DEBUG]ping.go:17: Call PingRouter Handle
2022/10/12 22:48:03 [DEBUG]ping.go:19: recv from client : msgId= 0 , data= Zinx client Demo Test MsgID=0, [Ping]
2022/10/12 22:48:04 [DEBUG]ping.go:17: Call PingRouter Handle
2022/10/12 22:48:04 [DEBUG]ping.go:19: recv from client : msgId= 0 , data= Zinx client Demo Test MsgID=0, [Ping]
2022/10/12 22:48:05 [DEBUG]ping.go:17: Call PingRouter Handle
2022/10/12 22:48:05 [DEBUG]ping.go:19: recv from client : msgId= 0 , data= Zinx client Demo Test MsgID=0, [Ping]
2022/10/12 22:48:06 [DEBUG]ping.go:17: Call PingRouter Handle
2022/10/12 22:48:06 [DEBUG]ping.go:19: recv from client : msgId= 0 , data= Zinx client Demo Test MsgID=0, [Ping]
2022/10/12 22:48:07 [DEBUG]ping.go:17: Call PingRouter Handle
2022/10/12 22:48:07 [DEBUG]ping.go:19: recv from client : msgId= 0 , data= Zinx client Demo Test MsgID=0, [Ping]
2022/10/12 22:48:08 [DEBUG]ping.go:17: Call PingRouter Handle
2022/10/12 22:48:08 [DEBUG]ping.go:19: recv from client : msgId= 0 , data= Zinx client Demo Test MsgID=0, [Ping]
2022/10/12 22:48:09 [DEBUG]ping.go:17: Call PingRouter Handle
2022/10/12 22:48:09 [DEBUG]ping.go:19: recv from client : msgId= 0 , data= Zinx client Demo Test MsgID=0, [Ping]
2022/10/12 22:48:10 [DEBUG]ping.go:17: Call PingRouter Handle
2022/10/12 22:48:10 [DEBUG]ping.go:19: recv from client : msgId= 0 , data= Zinx client Demo Test MsgID=0, [Ping]
2022/10/12 22:48:11 [DEBUG]ping.go:17: Call PingRouter Handle
2022/10/12 22:48:11 [DEBUG]ping.go:19: recv from client : msgId= 0 , data= Zinx client Demo Test MsgID=0, [Ping]
2022/10/12 22:48:12 [DEBUG]ping.go:17: Call PingRouter Handle
2022/10/12 22:48:12 [DEBUG]ping.go:19: recv from client : msgId= 0 , data= Zinx client Demo Test MsgID=0, [Ping]
2022/10/12 22:48:13 [DEBUG]ping.go:17: Call PingRouter Handle
2022/10/12 22:48:13 [DEBUG]ping.go:19: recv from client : msgId= 0 , data= Zinx client Demo Test MsgID=0, [Ping]
2022/10/12 22:48:14 [DEBUG]ping.go:17: Call PingRouter Handle
2022/10/12 22:48:14 [DEBUG]ping.go:19: recv from client : msgId= 0 , data= Zinx client Demo Test MsgID=0, [Ping]
2022/10/12 22:48:15 [DEBUG]ping.go:17: Call PingRouter Handle
2022/10/12 22:48:15 [DEBUG]ping.go:19: recv from client : msgId= 0 , data= Zinx client Demo Test MsgID=0, [Ping]
2022/10/12 22:48:16 [DEBUG]ping.go:17: Call PingRouter Handle
2022/10/12 22:48:16 [DEBUG]ping.go:19: recv from client : msgId= 0 , data= Zinx client Demo Test MsgID=0, [Ping]
2022/10/12 22:48:17 [DEBUG]ping.go:17: Call PingRouter Handle
2022/10/12 22:48:17 [DEBUG]ping.go:19: recv from client : msgId= 0 , data= Zinx client Demo Test MsgID=0, [Ping]
2022/10/12 22:48:18 [DEBUG]ping.go:17: Call PingRouter Handle
2022/10/12 22:48:18 [DEBUG]ping.go:19: recv from client : msgId= 0 , data= Zinx client Demo Test MsgID=0, [Ping]
2022/10/12 22:48:19 [DEBUG]ping.go:17: Call PingRouter Handle
2022/10/12 22:48:19 [DEBUG]ping.go:19: recv from client : msgId= 0 , data= Zinx client Demo Test MsgID=0, [Ping]
2022/10/12 22:48:20 [DEBUG]ping.go:17: Call PingRouter Handle
2022/10/12 22:48:20 [DEBUG]ping.go:19: recv from client : msgId= 0 , data= Zinx client Demo Test MsgID=0, [Ping]
2022/10/12 22:48:21 [DEBUG]ping.go:17: Call PingRouter Handle
2022/10/12 22:48:21 [DEBUG]ping.go:19: recv from client : msgId= 0 , data= Zinx client Demo Test MsgID=0, [Ping]
2022/10/12 22:48:22 [DEBUG]ping.go:17: Call PingRouter Handle
2022/10/12 22:48:22 [DEBUG]ping.go:19: recv from client : msgId= 0 , data= Zinx client Demo Test MsgID=0, [Ping]
2022/10/12 22:48:23 [DEBUG]ping.go:17: Call PingRouter Handle
2022/10/12 22:48:23 [DEBUG]ping.go:19: recv from client : msgId= 0 , data= Zinx client Demo Test MsgID=0, [Ping]
2022/10/12 22:48:24 [DEBUG]ping.go:17: Call PingRouter Handle
2022/10/12 22:48:24 [DEBUG]ping.go:19: recv from client : msgId= 0 , data= Zinx client Demo Test MsgID=0, [Ping]
2022/10/12 22:48:25 [DEBUG]ping.go:17: Call PingRouter Handle
2022/10/12 22:48:25 [DEBUG]ping.go:19: recv from client : msgId= 0 , data= Zinx client Demo Test MsgID=0, [Ping]
2022/10/12 22:48:26 [DEBUG]ping.go:17: Call PingRouter Handle
2022/10/12 22:48:26 [DEBUG]ping.go:19: recv from client : msgId= 0 , data= Zinx client Demo Test MsgID=0, [Ping]
2022/10/12 22:48:26 [ERROR]main.go:35: Conn Property Name =  Aceld
2022/10/12 22:48:26 [ERROR]main.go:39: Conn Property Home =  https://www.kancloud.cn/@aceld
2022/10/12 22:48:26 [DEBUG]main.go:42: DoConneciotnLost is Called ... 
2022/10/12 22:48:59 [DEBUG]main.go:18: DoConnecionBegin is Called ... 
2022/10/12 22:48:59 [DEBUG]main.go:21: Set conn Name, Home done!
2022/10/12 22:48:59 [DEBUG]ping.go:17: Call PingRouter Handle
2022/10/12 22:48:59 [DEBUG]ping.go:19: recv from client : msgId= 0 , data= Zinx client Demo Test MsgID=0, [Ping]
2022/10/12 22:49:00 [DEBUG]ping.go:17: Call PingRouter Handle
2022/10/12 22:49:00 [DEBUG]ping.go:19: recv from client : msgId= 0 , data= Zinx client Demo Test MsgID=0, [Ping]
2022/10/12 22:49:01 [DEBUG]ping.go:17: Call PingRouter Handle
2022/10/12 22:49:01 [DEBUG]ping.go:19: recv from client : msgId= 0 , data= Zinx client Demo Test MsgID=0, [Ping]
2022/10/12 22:49:02 [DEBUG]ping.go:17: Call PingRouter Handle
2022/10/12 22:49:02 [DEBUG]ping.go:19: recv from client : msgId= 0 , data= Zinx client Demo Test MsgID=0, [Ping]
2022/10/12 22:49:03 [DEBUG]ping.go:17: Call PingRouter Handle
2022/10/12 22:49:03 [DEBUG]ping.go:19: recv from client : msgId= 0 , data= Zinx client Demo Test MsgID=0, [Ping]
2022/10/12 22:49:04 [DEBUG]ping.go:17: Call PingRouter Handle
2022/10/12 22:49:04 [DEBUG]ping.go:19: recv from client : msgId= 0 , data= Zinx client Demo Test MsgID=0, [Ping]
2022/10/12 22:49:05 [DEBUG]ping.go:17: Call PingRouter Handle
2022/10/12 22:49:05 [DEBUG]ping.go:19: recv from client : msgId= 0 , data= Zinx client Demo Test MsgID=0, [Ping]
2022/10/12 22:49:06 [DEBUG]ping.go:17: Call PingRouter Handle
2022/10/12 22:49:06 [DEBUG]ping.go:19: recv from client : msgId= 0 , data= Zinx client Demo Test MsgID=0, [Ping]
2022/10/12 22:49:07 [DEBUG]ping.go:17: Call PingRouter Handle
2022/10/12 22:49:07 [DEBUG]ping.go:19: recv from client : msgId= 0 , data= Zinx client Demo Test MsgID=0, [Ping]
2022/10/12 22:49:07 [ERROR]main.go:35: Conn Property Name =  Aceld
2022/10/12 22:49:07 [ERROR]main.go:39: Conn Property Home =  https://www.kancloud.cn/@aceld
2022/10/12 22:49:07 [DEBUG]main.go:42: DoConneciotnLost is Called ... 
2022/10/12 22:51:58 [DEBUG]main.go:19: DoConnecionBegin is Called ... 
2022/10/12 22:51:58 [DEBUG]main.go:22: Set conn Name, Home done!
2022/10/12 22:51:58 [DEBUG]ping.go:17: Call PingRouter Handle
2022/10/12 22:51:58 [DEBUG]ping.go:19: recv from client : msgId= 0 , data= Zinx client Demo Test MsgID=0, [Ping]
2022/10/12 22:51:59 [DEBUG]ping.go:17: Call PingRouter Handle
2022/10/12 22:51:59 [DEBUG]ping.go:19: recv from client : msgId= 0 , data= Zinx client Demo Test MsgID=0, [Ping]
2022/10/12 22:52:00 [DEBUG]ping.go:17: Call PingRouter Handle
2022/10/12 22:52:00 [DEBUG]ping.go:19: recv from client : msgId= 0 , data= Zinx client Demo Test MsgID=0, [Ping]
2022/10/12 22:52:01 [DEBUG]ping.go:17: Call PingRouter Handle
2022/10/12 22:52:01 [DEBUG]ping.go:19: recv from client : msgId= 0 , data= Zinx client Demo Test MsgID=0, [Ping]
2022/10/12 22:52:02 [DEBUG]ping.go:17: Call PingRouter Handle
2022/10/12 22:52:02 [DEBUG]ping.go:19: recv from client : msgId= 0 , data= Zinx client Demo Test MsgID=0, [Ping]
2022/10/12 22:52:03 [DEBUG]ping.go:17: Call PingRouter Handle
2022/10/12 22:52:03 [DEBUG]ping.go:19: recv from client : msgId= 0 , data= Zinx client Demo Test MsgID=0, [Ping]
2022/10/12 22:52:04 [DEBUG]ping.go:17: Call PingRouter Handle
2022/10/12 22:52:04 [DEBUG]ping.go:19: recv from client : msgId= 0 , data= Zinx client Demo Test MsgID=0, [Ping]
2022/10/12 22:52:05 [DEBUG]ping.go:17: Call PingRouter Handle
2022/10/12 22:52:05 [DEBUG]ping.go:19: recv from client : msgId= 0 , data= Zinx client Demo Test MsgID=0, [Ping]
2022/10/12 22:52:06 [DEBUG]ping.go:17: Call PingRouter Handle
2022/10/12 22:52:06 [DEBUG]ping.go:19: recv from client : msgId= 0 , data= Zinx client Demo Test MsgID=0, [Ping]
2022/10/12 22:52:07 [DEBUG]ping.go:17: Call PingRouter Handle
2022/10/12 22:52:07 [DEBUG]ping.go:19: recv from client : msgId= 0 , data= Zinx client Demo Test MsgID=0, [Ping]
2022/10/12 22:52:08 [DEBUG]ping.go:17: Call PingRouter Handle
2022/10/12 22:52:08 [DEBUG]ping.go:19: recv from client : msgId= 0 , data= Zinx client Demo Test MsgID=0, [Ping]
2022/10/12 22:52:09 [DEBUG]ping.go:17: Call PingRouter Handle
2022/10/12 22:52:09 [DEBUG]ping.go:19: recv from client : msgId= 0 , data= Zinx client Demo Test MsgID=0, [Ping]
2022/10/12 22:52:10 [DEBUG]ping.go:17: Call PingRouter Handle
2022/10/12 22:52:10 [DEBUG]ping.go:19: recv from client : msgId= 0 , data= Zinx client Demo Test MsgID=0, [Ping]
2022/10/12 22:52:11 [DEBUG]ping.go:17: Call PingRouter Handle
2022/10/12 22:52:11 [DEBUG]ping.go:19: recv from client : msgId= 0 , data= Zinx client Demo Test MsgID=0, [Ping]
2022/10/12 22:52:11 [ERROR]main.go:36: Conn Property Name =  Aceld
2022/10/12 22:52:11 [ERROR]main.go:40: Conn Property Home =  https://www.kancloud.cn/@aceld
2022/10/12 22:52:11 [DEBUG]main.go:43: DoConneciotnLost is Called ... 
2022/10/12 22:52:43 [DEBUG]main.go:19: DoConnecionBegin is Called ... 
2022/10/12 22:52:43 [DEBUG]main.go:22: Set conn Name, Home done!
2022/10/12 22:52:43 [DEBUG]ping.go:17: Call PingRouter Handle
2022/10/12 22:52:43 [DEBUG]ping.go:19: recv from client : msgId= 0 , data= Zinx client Demo Test MsgID=0, [Ping]
2022/10/12 22:52:44 [DEBUG]ping.go:17: Call PingRouter Handle
2022/10/12 22:52:44 [DEBUG]ping.go:19: recv from client : msgId= 0 , data= Zinx client Demo Test MsgID=0, [Ping]
2022/10/12 22:52:45 [DEBUG]ping.go:17: Call PingRouter Handle
2022/10/12 22:52:45 [DEBUG]ping.go:19: recv from client : msgId= 0 , data= Zinx client Demo Test MsgID=0, [Ping]
2022/10/12 22:52:46 [DEBUG]ping.go:17: Call PingRouter Handle
2022/10/12 22:52:46 [DEBUG]ping.go:19: recv from client : msgId= 0 , data= Zinx client Demo Test MsgID=0, [Ping]
2022/10/12 22:52:54 [DEBUG]main.go:19: DoConnecionBegin is Called ... 
2022/10/12 22:52:54 [DEBUG]main.go:22: Set conn Name, Home done!
2022/10/12 22:52:54 [DEBUG]ping.go:17: Call PingRouter Handle
2022/10/12 22:52:54 [DEBUG]ping.go:19: recv from client : msgId= 0 , data= Zinx client Demo Test MsgID=0, [Ping]
2022/10/12 22:52:55 [DEBUG]ping.go:17: Call PingRouter Handle
2022/10/12 22:52:55 [DEBUG]ping.go:19: recv from client : msgId= 0 , data= Zinx client Demo Test MsgID=0, [Ping]
2022/10/12 22:52:56 [DEBUG]ping.go:17: Call PingRouter Handle
2022/10/12 22:52:56 [DEBUG]ping.go:19: recv from client : msgId= 0 , data= Zinx client Demo Test MsgID=0, [Ping]
2022/10/12 22:52:57 [DEBUG]ping.go:17: Call PingRouter Handle
2022/10/12 22:52:57 [DEBUG]ping.go:19: recv from client : msgId= 0 , data= Zinx client Demo Test MsgID=0, [Ping]
2022/10/12 22:52:58 [DEBUG]ping.go:17: Call PingRouter Handle
2022/10/12 22:52:58 [DEBUG]ping.go:19: recv from client : msgId= 0 , data= Zinx client Demo Test MsgID=0, [Ping]
2022/10/12 22:52:59 [DEBUG]ping.go:17: Call PingRouter Handle
2022/10/12 22:52:59 [DEBUG]ping.go:19: recv from client : msgId= 0 , data= Zinx client Demo Test MsgID=0, [Ping]
2022/10/12 22:53:00 [ERROR]main.go:36: Conn Property Name =  Aceld
2022/10/12 22:53:00 [ERROR]main.go:40: Conn Property Home =  https://www.kancloud.cn/@aceld
2022/10/12 22:53:00 [DEBUG]main.go:43: DoConneciotnLost is Called ... 
2022/10/12 22:53:32 [DEBUG]main.go:19: DoConnecionBegin is Called ... 
2022/10/12 22:53:32 [DEBUG]main.go:22: Set conn Name, Home done!
2022/10/12 22:53:32 [DEBUG]ping.go:17: Call PingRouter Handle
2022/10/12 22:53:32 [DEBUG]ping.go:19: recv from client : msgId= 0 , data= Zinx client Demo Test MsgID=0, [Ping]
2022/10/12 22:53:33 [DEBUG]ping.go:17: Call PingRouter Handle
2022/10/12 22:53:33 [DEBUG]ping.go:19: recv from client : msgId= 0 , data= Zinx client Demo Test MsgID=0, [Ping]
2022/10/12 22:53:34 [DEBUG]ping.go:17: Call PingRouter Handle
2022/10/12 22:53:34 [DEBUG]ping.go:19: recv from client : msgId= 0 , data= Zinx client Demo Test MsgID=0, [Ping]
2022/10/12 22:53:34 [ERROR]main.go:36: Conn Property Name =  Aceld
2022/10/12 22:53:34 [ERROR]main.go:40: Conn Property Home =  https://www.kancloud.cn/@aceld
2022/10/12 22:53:34 [DEBUG]main.go:43: DoConneciotnLost is Called ... 
2022/10/12 22:54:00 [DEBUG]main.go:19: DoConnecionBegin is Called ... 
2022/10/12 22:54:00 [DEBUG]main.go:22: Set conn Name, Home done!
2022/10/12 22:54:00 [DEBUG]ping.go:17: Call PingRouter Handle
2022/10/12 22:54:00 [DEBUG]ping.go:19: recv from client : msgId= 0 , data= Zinx client Demo Test MsgID=0, [Ping]
2022/10/12 22:54:01 [DEBUG]ping.go:17: Call PingRouter Handle
2022/10/12 22:54:01 [DEBUG]ping.go:19: recv from client : msgId= 0 , data= Zinx client Demo Test MsgID=0, [Ping]
2022/10/12 22:54:02 [DEBUG]ping.go:17: Call PingRouter Handle
2022/10/12 22:54:02 [DEBUG]ping.go:19: recv from client : msgId= 0 , data= Zinx client Demo Test MsgID=0, [Ping]
2022/10/12 22:54:03 [DEBUG]ping.go:17: Call PingRouter Handle
2022/10/12 22:54:03 [DEBUG]ping.go:19: recv from client : msgId= 0 , data= Zinx client Demo Test MsgID=0, [Ping]
2022/10/12 22:54:04 [DEBUG]ping.go:17: Call PingRouter Handle
2022/10/12 22:54:04 [DEBUG]ping.go:19: recv from client : msgId= 0 , data= Zinx client Demo Test MsgID=0, [Ping]
2022/10/12 22:54:05 [DEBUG]ping.go:17: Call PingRouter Handle
2022/10/12 22:54:05 [DEBUG]ping.go:19: recv from client : msgId= 0 , data= Zinx client Demo Test MsgID=0, [Ping]
2022/10/12 22:54:05 [ERROR]main.go:36: Conn Property Name =  Aceld
2022/10/12 22:54:05 [ERROR]main.go:40: Conn Property Home =  https://www.kancloud.cn/@aceld
2022/10/12 22:54:05 [DEBUG]main.go:43: DoConneciotnLost is Called ... 
2022/10/12 22:59:57 [DEBUG]main.go:19: DoConnecionBegin is Called ... 
2022/10/12 22:59:57 [DEBUG]main.go:22: Set conn Name, Home done!
2022/10/12 22:59:57 [DEBUG]ping.go:17: Call PingRouter Handle
2022/10/12 22:59:57 [DEBUG]ping.go:19: recv from client : msgId= 0 , data= Zinx client Demo Test MsgID=0, [Ping]
2022/10/12 22:59:58 [DEBUG]ping.go:17: Call PingRouter Handle
2022/10/12 22:59:58 [DEBUG]ping.go:19: recv from client : msgId= 0 , data= Zinx client Demo Test MsgID=0, [Ping]
2022/10/12 22:59:59 [DEBUG]ping.go:17: Call PingRouter Handle
2022/10/12 22:59:59 [DEBUG]ping.go:19: recv from client : msgId= 0 , data= Zinx client Demo Test MsgID=0, [Ping]
2022/10/12 23:00:00 [DEBUG]ping.go:17: Call PingRouter Handle
2022/10/12 23:00:00 [DEBUG]ping.go:19: recv from client : msgId= 0 , data= Zinx client Demo Test MsgID=0, [Ping]
2022/10/12 23:00:01 [DEBUG]ping.go:17: Call PingRouter Handle
2022/10/12 23:00:01 [DEBUG]ping.go:19: recv from client : msgId= 0 , data= Zinx client Demo Test MsgID=0, [Ping]
2022/10/12 23:00:01 [ERROR]main.go:36: Conn Property Name =  Aceld
2022/10/12 23:00:01 [ERROR]main.go:40: Conn Property Home =  https://www.kancloud.cn/@aceld
2022/10/12 23:00:01 [DEBUG]main.go:43: DoConneciotnLost is Called ... 
2022/10/12 23:00:08 [DEBUG]main.go:19: DoConnecionBegin is Called ... 
2022/10/12 23:00:08 [DEBUG]main.go:22: Set conn Name, Home done!
2022/10/12 23:00:08 [DEBUG]ping.go:17: Call PingRouter Handle
2022/10/12 23:00:08 [DEBUG]ping.go:19: recv from client : msgId= 0 , data= Zinx client Demo Test MsgID=0, [Ping]
2022/10/12 23:00:09 [DEBUG]hello.go:15: Call HelloZinxRouter Handle
2022/10/12 23:00:09 [DEBUG]hello.go:17: recv from client : msgId= 1 , data= Zinx client Demo Test MsgID=0, [Ping]
2022/10/12 23:00:10 [ERROR]main.go:36: Conn Property Name =  Aceld
2022/10/12 23:00:10 [ERROR]main.go:40: Conn Property Home =  https://www.kancloud.cn/@aceld
2022/10/12 23:00:10 [DEBUG]main.go:43: DoConneciotnLost is Called ... 
2022/10/12 23:00:24 [DEBUG]main.go:19: DoConnecionBegin is Called ... 
2022/10/12 23:00:24 [DEBUG]ping.go:17: Call PingRouter Handle
2022/10/12 23:00:24 [DEBUG]ping.go:19: recv from client : msgId= 0 , data= Zinx client Demo Test MsgID=0, [Ping]
2022/10/12 23:00:24 [DEBUG]main.go:22: Set conn Name, Home done!
2022/10/12 23:00:25 [DEBUG]hello.go:15: Call HelloZinxRouter Handle
2022/10/12 23:00:25 [DEBUG]hello.go:17: recv from client : msgId= 1 , data= Zinx client Demo Test MsgID=0, [Ping]
2022/10/12 23:00:26 [ERROR]main.go:36: Conn Property Name =  Aceld
2022/10/12 23:00:26 [ERROR]main.go:40: Conn Property Home =  https://www.kancloud.cn/@aceld
2022/10/12 23:00:26 [DEBUG]main.go:43: DoConneciotnLost is Called ... 
2022/10/12 23:00:36 [DEBUG]main.go:19: DoConnecionBegin is Called ... 
2022/10/12 23:00:36 [DEBUG]main.go:22: Set conn Name, Home done!
2022/10/12 23:00:36 [DEBUG]ping.go:17: Call PingRouter Handle
2022/10/12 23:00:36 [DEBUG]ping.go:19: recv from client : msgId= 0 , data= Zinx client Demo Test MsgID=0, [Ping]
2022/10/12 23:00:37 [DEBUG]hello.go:15: Call HelloZinxRouter Handle
2022/10/12 23:00:37 [DEBUG]hello.go:17: recv from client : msgId= 1 , data= Zinx client Demo Test MsgID=0, [Ping]
2022/10/12 23:00:38 [DEBUG]ping.go:17: Call PingRouter Handle
2022/10/12 23:00:38 [DEBUG]ping.go:19: recv from client : msgId= 0 , data= Zinx client Demo Test MsgID=0, [Ping]
2022/10/12 23:00:39 [DEBUG]hello.go:15: Call HelloZinxRouter Handle
2022/10/12 23:00:39 [DEBUG]hello.go:17: recv from client : msgId= 1 , data= Zinx client Demo Test MsgID=0, [Ping]
2022/10/12 23:01:11 [ERROR]main.go:36: Conn Property Name =  Aceld
2022/10/12 23:01:11 [ERROR]main.go:40: Conn Property Home =  https://www.kancloud.cn/@aceld
2022/10/12 23:01:11 [DEBUG]main.go:43: DoConneciotnLost is Called ... 
